<?xml version="1.0" encoding="UTF-8" ?>
<testsuite tests="11" failures="0" name="BidSdkTest" time="0.257" errors="0" skipped="0">
  <properties>
    <property name="idea.version" value="2020.2"/>
    <property name="java.runtime.name" value="OpenJDK Runtime Environment"/>
    <property name="java.vm.version" value="11.0.7+10-b944.20"/>
    <property name="sun.boot.library.path" value="E:\Program Files\JetBrains\IntelliJ IDEA 2020.2\jbr\bin"/>
    <property name="maven.multiModuleProjectDirectory" value="D:\BID-SDK-JAVA\BID-SDK"/>
    <property name="java.vm.vendor" value="JetBrains s.r.o."/>
    <property name="java.vendor.url" value="https://www.jetbrains.com/"/>
    <property name="guice.disable.misplaced.annotation.check" value="true"/>
    <property name="path.separator" value=";"/>
    <property name="java.vm.name" value="OpenJDK 64-Bit Server VM"/>
    <property name="sun.os.patch.level" value=""/>
    <property name="user.script" value=""/>
    <property name="user.country" value="CN"/>
    <property name="sun.java.launcher" value="SUN_STANDARD"/>
    <property name="java.vm.specification.name" value="Java Virtual Machine Specification"/>
    <property name="user.dir" value="D:\BID-SDK-JAVA\BID-SDK"/>
    <property name="java.vm.compressedOopsMode" value="Zero based"/>
    <property name="java.runtime.version" value="11.0.7+10-b944.20"/>
    <property name="java.awt.graphicsenv" value="sun.awt.Win32GraphicsEnvironment"/>
    <property name="os.arch" value="amd64"/>
    <property name="java.io.tmpdir" value="C:\Users\zhang\AppData\Local\Temp\"/>
    <property name="line.separator" value="
"/>
    <property name="java.vm.specification.vendor" value="Oracle Corporation"/>
    <property name="user.variant" value=""/>
    <property name="os.name" value="Windows 10"/>
    <property name="maven.ext.class.path" value="E:\Program Files\JetBrains\IntelliJ IDEA 2020.2\plugins\maven\lib\maven-event-listener.jar"/>
    <property name="classworlds.conf" value="E:\Program Files\JetBrains\IntelliJ IDEA 2020.2\plugins\maven\lib\maven3\bin\m2.conf"/>
    <property name="sun.jnu.encoding" value="GBK"/>
    <property name="java.library.path" value="E:\Program Files\JetBrains\IntelliJ IDEA 2020.2\jbr\bin;C:\Windows\Sun\Java\bin;C:\Windows\system32;C:\Windows;C:\Program Files (x86)\Common Files\Oracle\Java\javapath;C:\Windows\system32;C:\Windows;C:\Windows\System32\Wbem;C:\Windows\System32\WindowsPowerShell\v1.0\;C:\Windows\System32\OpenSSH\;E:\Go\bin;e:\Program Files\Git\cmd;E:\Program Files\TortoiseSVN\bin;C:\Program Files\Intel\WiFi\bin\;C:\Program Files\Common Files\Intel\WirelessCommon\;E:\Program Files\TortoiseGit\bin;C:\Program Files\Microsoft SQL Server\110\Tools\Binn\;E:\Program Files (x86)\PuTTY\;e:\Program Files\doxygen\bin;E:\Program Files (x86)\Graphviz 2.28\bin;E:\Program Files\PuTTY\;C:\Program Files\Docker\Docker\resources\bin;C:\ProgramData\DockerDesktop\version-bin;C:\Users\zhang\.cargo\bin;E:\Users\zhang\AppData\Local\Programs\Python\Python38-32\Scripts\;E:\Users\zhang\AppData\Local\Programs\Python\Python38-32\;C:\Users\zhang\AppData\Local\Microsoft\WindowsApps;C:\Users\zhang\go\bin;E:\Program Files\x86_64-8.1.0-release-posix-sjlj-rt_v6-rev0\x86_64-8.1.0-release-posix-sjlj-rt_v6-rev0\mingw64\bin;e:\Users\zhang\AppData\Local\Programs\Microsoft VS Code\bin;E:\Program Files\Java\jdk1.8.0_192\bin;E:\Program Files (x86)\Graphviz2.38\bin;E:\Program Files\JetBrains\apache-maven-3.6.3\bin;E:\Program Files\JetBrains\gradle-6.8\bin;;."/>
    <property name="maven.conf" value="E:\Program Files\JetBrains\IntelliJ IDEA 2020.2\plugins\maven\lib\maven3/conf"/>
    <property name="jdk.debug" value="release"/>
    <property name="java.class.version" value="55.0"/>
    <property name="java.specification.name" value="Java Platform API Specification"/>
    <property name="sun.management.compiler" value="HotSpot 64-Bit Tiered Compilers"/>
    <property name="os.version" value="10.0"/>
    <property name="user.home" value="C:\Users\zhang"/>
    <property name="user.timezone" value="Asia/Shanghai"/>
    <property name="java.awt.printerjob" value="sun.awt.windows.WPrinterJob"/>
    <property name="file.encoding" value="UTF-8"/>
    <property name="java.specification.version" value="11"/>
    <property name="user.name" value="zhang"/>
    <property name="java.class.path" value="E:\Program Files\JetBrains\IntelliJ IDEA 2020.2\plugins\maven\lib\maven3\boot\plexus-classworlds-2.6.0.jar;E:\Program Files\JetBrains\IntelliJ IDEA 2020.2\plugins\maven\lib\maven3\boot\plexus-classworlds.license"/>
    <property name="java.vm.specification.version" value="11"/>
    <property name="sun.arch.data.model" value="64"/>
    <property name="sun.java.command" value="org.codehaus.classworlds.Launcher -Didea.version=2020.2 -s E:\Program Files\JetBrains\apache-maven-3.6.3\conf\settings.xml package"/>
    <property name="java.home" value="E:\Program Files\JetBrains\IntelliJ IDEA 2020.2\jbr"/>
    <property name="user.language" value="zh"/>
    <property name="java.specification.vendor" value="Oracle Corporation"/>
    <property name="awt.toolkit" value="sun.awt.windows.WToolkit"/>
    <property name="java.vm.info" value="mixed mode"/>
    <property name="java.version" value="11.0.7"/>
    <property name="java.vendor" value="JetBrains s.r.o."/>
    <property name="maven.home" value="E:\Program Files\JetBrains\IntelliJ IDEA 2020.2\plugins\maven\lib\maven3"/>
    <property name="file.separator" value="\"/>
    <property name="java.version.date" value="2020-04-14"/>
    <property name="java.vendor.url.bug" value="https://youtrack.jetbrains.com"/>
    <property name="sun.io.unicode.encoding" value="UnicodeLittle"/>
    <property name="sun.cpu.endian" value="little"/>
    <property name="java.vendor.version" value="JBR-11.0.7.10-944.20-jcef"/>
    <property name="sun.desktop" value="windows"/>
    <property name="sun.cpu.isalist" value="amd64"/>
  </properties>
  <testcase classname="BidSdkTest" name="verifySignByED25519" time="0"/>
  <testcase classname="BidSdkTest" name="getSdkVersionNumber" time="0"/>
  <testcase classname="BidSdkTest" name="getDefaultBIDAndKeyPairByChaincode" time="0.251"/>
  <testcase classname="BidSdkTest" name="isValidED25519Bid" time="0"/>
  <testcase classname="BidSdkTest" name="getBIDVersionNumber" time="0"/>
  <testcase classname="BidSdkTest" name="getED25519BidByPublicKey" time="0"/>
  <testcase classname="BidSdkTest" name="isValidED25519ChaincodeBid" time="0.001"/>
  <testcase classname="BidSdkTest" name="getED25519BidByPublicKeyByChaincode" time="0"/>
  <testcase classname="BidSdkTest" name="getBifPubkeyByPrivateKey" time="0.001"/>
  <testcase classname="BidSdkTest" name="getDefaultBIDAndKeyPair" time="0.002"/>
  <testcase classname="BidSdkTest" name="signMessageByED25519" time="0.002"/>
</testsuite>